2015/05/02 12:21:16 INFO  - jmeter.util.JMeterUtils: Setting Locale to en_AU 
2015/05/02 12:21:16 INFO  - jmeter.JMeter: Copyright (c) 1998-2014 The Apache Software Foundation 
2015/05/02 12:21:16 INFO  - jmeter.JMeter: Version 2.11.20140723 
2015/05/02 12:21:16 INFO  - jmeter.JMeter: java.version=1.7.0_79 
2015/05/02 12:21:16 INFO  - jmeter.JMeter: java.vm.name=OpenJDK 64-Bit Server VM 
2015/05/02 12:21:16 INFO  - jmeter.JMeter: os.name=Linux 
2015/05/02 12:21:16 INFO  - jmeter.JMeter: os.arch=amd64 
2015/05/02 12:21:16 INFO  - jmeter.JMeter: os.version=3.16.0-23-generic 
2015/05/02 12:21:16 INFO  - jmeter.JMeter: file.encoding=UTF-8 
2015/05/02 12:21:16 INFO  - jmeter.JMeter: Default Locale=English (Australia) 
2015/05/02 12:21:16 INFO  - jmeter.JMeter: JMeter  Locale=English (Australia) 
2015/05/02 12:21:16 INFO  - jmeter.JMeter: JMeterHome=/usr/share/jmeter 
2015/05/02 12:21:16 INFO  - jmeter.JMeter: user.dir  =/home/sheryl/thesis/lmsunsw/jmeter 
2015/05/02 12:21:16 INFO  - jmeter.JMeter: PWD       =/home/sheryl/thesis/lmsunsw/jmeter 
2015/05/02 12:21:16 INFO  - jmeter.JMeter: IP: 127.0.1.1 Name: ubuntu FullName: ubuntu 
2015/05/02 12:21:16 INFO  - jmeter.JMeter: Loaded icon properties from org/apache/jmeter/images/icon.properties 
2015/05/02 12:21:17 INFO  - jmeter.gui.action.LookAndFeelCommand: Using look and feel: javax.swing.plaf.metal.MetalLookAndFeel [Metal, CrossPlatform] 
2015/05/02 12:21:17 INFO  - jmeter.util.BSFTestElement: Registering JMeter version of JavaScript engine as work-round for BSF-22 
2015/05/02 12:21:18 INFO  - jmeter.protocol.http.sampler.HTTPSamplerBase: No response parsers defined: text/html only will be scanned for embedded resources 
2015/05/02 12:21:18 INFO  - jorphan.exec.KeyToolUtils: keytool found at 'keytool' 
2015/05/02 12:21:18 INFO  - jmeter.protocol.http.proxy.ProxyControl: HTTP(S) Test Script Recorder SSL Proxy will use keys that support embedded 3rd party resources in file /usr/share/jmeter/bin/proxyserver.jks 
2015/05/02 12:21:18 INFO  - jmeter.samplers.SampleResult: Note: Sample TimeStamps are END times 
2015/05/02 12:21:18 INFO  - jmeter.samplers.SampleResult: sampleresult.default.encoding is set to ISO-8859-1 
2015/05/02 12:21:18 INFO  - jmeter.samplers.SampleResult: sampleresult.useNanoTime=true 
2015/05/02 12:21:18 INFO  - jmeter.samplers.SampleResult: sampleresult.nanoThreadSleep=5000 
2015/05/02 12:21:24 INFO  - jmeter.services.FileServer: Default base='/home/sheryl/thesis/lmsunsw/jmeter' 
2015/05/02 12:21:24 INFO  - jmeter.gui.action.Load: Loading file: /home/sheryl/thesis/lmsunsw/jmeter/user login.jmx 
2015/05/02 12:21:24 INFO  - jmeter.services.FileServer: Set new base='/home/sheryl/thesis/lmsunsw/jmeter' 
2015/05/02 12:21:24 INFO  - jmeter.save.SaveService: Testplan (JMX) version: 2.2. Testlog (JTL) version: 2.2 
2015/05/02 12:21:24 INFO  - jmeter.save.SaveService: Using SaveService properties file encoding UTF-8 
2015/05/02 12:21:24 INFO  - jmeter.save.SaveService: Using SaveService properties version 2.6 
2015/05/02 12:21:24 INFO  - jmeter.save.SaveService: Using SaveService properties file version 1554411 
2015/05/02 12:21:24 INFO  - jmeter.save.SaveService: All converter versions present and correct 
2015/05/02 12:21:24 INFO  - jmeter.protocol.http.control.CookieManager: Settings: Delete null: false Check: true Allow variable: true Save: true Prefix: COOKIE_ 
2015/05/02 12:21:24 INFO  - jmeter.services.FileServer: Set new base='/home/sheryl/thesis/lmsunsw/jmeter' 
2015/05/02 12:21:45 INFO  - jmeter.engine.StandardJMeterEngine: Listeners will be started after enabling running version 
2015/05/02 12:21:45 INFO  - jmeter.engine.StandardJMeterEngine: To revert to the earlier behaviour, define jmeterengine.startlistenerslater=false 
2015/05/02 12:21:45 INFO  - jmeter.engine.StandardJMeterEngine: Running the test! 
2015/05/02 12:21:45 INFO  - jmeter.samplers.SampleEvent: List of sample_variables: [] 
2015/05/02 12:21:45 INFO  - jmeter.samplers.SampleEvent: List of sample_variables: [] 
2015/05/02 12:21:45 INFO  - jmeter.gui.util.JMeterMenuBar: setRunning(true,*local*) 
2015/05/02 12:21:46 INFO  - jmeter.engine.StandardJMeterEngine: Starting ThreadGroup: 1 : Admin User 
2015/05/02 12:21:46 INFO  - jmeter.engine.StandardJMeterEngine: Starting 1 threads for group Admin User. 
2015/05/02 12:21:46 INFO  - jmeter.engine.StandardJMeterEngine: Thread will continue on error 
2015/05/02 12:21:46 INFO  - jmeter.threads.ThreadGroup: Starting thread group number 1 threads 1 ramp-up 1 perThread 1000.0 delayedStart=false 
2015/05/02 12:21:46 INFO  - jmeter.threads.JMeterThread: jmeterthread.startearlier=true (see jmeter.properties) 
2015/05/02 12:21:46 INFO  - jmeter.threads.JMeterThread: Running PostProcessors in forward order 
2015/05/02 12:21:46 INFO  - jmeter.threads.ThreadGroup: Started thread group number 1 
2015/05/02 12:21:46 INFO  - jmeter.engine.StandardJMeterEngine: Starting ThreadGroup: 2 : Student Login 
2015/05/02 12:21:46 INFO  - jmeter.engine.StandardJMeterEngine: Starting 100 threads for group Student Login. 
2015/05/02 12:21:46 INFO  - jmeter.engine.StandardJMeterEngine: Thread will continue on error 
2015/05/02 12:21:46 INFO  - jmeter.threads.ThreadGroup: Starting thread group number 2 threads 100 ramp-up 20 perThread 200.0 delayedStart=false 
2015/05/02 12:21:46 INFO  - jmeter.threads.ThreadGroup: Started thread group number 2 
2015/05/02 12:21:46 INFO  - jmeter.engine.StandardJMeterEngine: All thread groups have been started 
2015/05/02 12:21:46 INFO  - jmeter.threads.JMeterThread: Thread started: Admin User 1-1 
2015/05/02 12:21:46 INFO  - jmeter.threads.JMeterThread: Thread started: Student Login 2-1 
2015/05/02 12:21:46 INFO  - jmeter.services.FileServer: Stored: login.txt 
2015/05/02 12:21:46 INFO  - jmeter.protocol.http.sampler.HTTPHCAbstractImpl: Local host = ubuntu 
2015/05/02 12:21:46 INFO  - jmeter.protocol.http.sampler.HTTPHC4Impl: HTTP request retry count = 0 
2015/05/02 12:21:46 INFO  - jmeter.protocol.http.sampler.HTTPHC4Impl: Setting up HTTPS TrustAll scheme 
2015/05/02 12:21:46 INFO  - jmeter.util.JsseSSLManager: Using default SSL protocol: TLS 
2015/05/02 12:21:46 INFO  - jmeter.util.JsseSSLManager: SSL session context: per-thread 
2015/05/02 12:21:46 INFO  - jmeter.threads.JMeterThread: Thread started: Student Login 2-2 
2015/05/02 12:21:46 INFO  - jmeter.threads.JMeterThread: Thread started: Student Login 2-3 
2015/05/02 12:21:46 INFO  - jmeter.threads.JMeterThread: Thread started: Student Login 2-4 
2015/05/02 12:21:47 INFO  - jmeter.threads.JMeterThread: Thread started: Student Login 2-5 
2015/05/02 12:21:47 INFO  - jmeter.threads.JMeterThread: Thread started: Student Login 2-6 
2015/05/02 12:21:47 INFO  - jmeter.threads.JMeterThread: Thread started: Student Login 2-7 
2015/05/02 12:21:47 INFO  - jmeter.threads.JMeterThread: Thread started: Student Login 2-8 
2015/05/02 12:21:47 INFO  - jmeter.threads.JMeterThread: Thread started: Student Login 2-9 
2015/05/02 12:21:48 INFO  - jmeter.threads.JMeterThread: Thread started: Student Login 2-10 
2015/05/02 12:21:48 INFO  - jmeter.threads.JMeterThread: Thread started: Student Login 2-11 
2015/05/02 12:21:48 INFO  - jmeter.threads.JMeterThread: Thread started: Student Login 2-12 
2015/05/02 12:21:48 INFO  - jmeter.threads.JMeterThread: Thread started: Student Login 2-13 
2015/05/02 12:21:48 INFO  - jmeter.threads.JMeterThread: Thread started: Student Login 2-14 
2015/05/02 12:21:49 INFO  - jmeter.threads.JMeterThread: Thread started: Student Login 2-15 
2015/05/02 12:21:49 INFO  - jmeter.threads.JMeterThread: Thread started: Student Login 2-16 
2015/05/02 12:21:49 INFO  - jmeter.threads.JMeterThread: Thread started: Student Login 2-17 
2015/05/02 12:21:49 INFO  - jmeter.threads.JMeterThread: Thread started: Student Login 2-18 
2015/05/02 12:21:49 INFO  - jmeter.threads.JMeterThread: Thread started: Student Login 2-19 
2015/05/02 12:21:50 INFO  - jmeter.threads.JMeterThread: Thread started: Student Login 2-20 
2015/05/02 12:21:50 INFO  - jmeter.threads.JMeterThread: Thread started: Student Login 2-21 
2015/05/02 12:21:50 INFO  - jmeter.threads.JMeterThread: Thread started: Student Login 2-22 
2015/05/02 12:21:50 INFO  - jmeter.threads.JMeterThread: Thread started: Student Login 2-23 
2015/05/02 12:21:50 INFO  - jmeter.threads.JMeterThread: Thread finished: Student Login 2-4 
2015/05/02 12:21:50 INFO  - jmeter.threads.JMeterThread: Thread started: Student Login 2-24 
2015/05/02 12:21:51 INFO  - jmeter.threads.JMeterThread: Thread started: Student Login 2-25 
2015/05/02 12:21:51 INFO  - jmeter.threads.JMeterThread: Thread started: Student Login 2-26 
2015/05/02 12:21:51 INFO  - jmeter.threads.JMeterThread: Thread finished: Student Login 2-1 
2015/05/02 12:21:51 INFO  - jmeter.threads.JMeterThread: Thread started: Student Login 2-27 
2015/05/02 12:21:51 INFO  - jmeter.threads.JMeterThread: Thread started: Student Login 2-28 
2015/05/02 12:21:51 INFO  - jmeter.threads.JMeterThread: Thread started: Student Login 2-29 
2015/05/02 12:21:51 INFO  - jmeter.threads.JMeterThread: Thread finished: Student Login 2-2 
2015/05/02 12:21:52 INFO  - jmeter.threads.JMeterThread: Thread started: Student Login 2-30 
2015/05/02 12:21:52 INFO  - jmeter.threads.JMeterThread: Thread started: Student Login 2-31 
2015/05/02 12:21:52 INFO  - jmeter.threads.JMeterThread: Thread started: Student Login 2-32 
2015/05/02 12:21:52 INFO  - jmeter.threads.JMeterThread: Thread started: Student Login 2-33 
2015/05/02 12:21:52 INFO  - jmeter.threads.JMeterThread: Thread started: Student Login 2-34 
2015/05/02 12:21:53 INFO  - jmeter.threads.JMeterThread: Thread started: Student Login 2-35 
2015/05/02 12:21:53 INFO  - jmeter.threads.JMeterThread: Thread started: Student Login 2-36 
2015/05/02 12:21:53 INFO  - jmeter.threads.JMeterThread: Thread started: Student Login 2-37 
2015/05/02 12:21:53 INFO  - jmeter.threads.JMeterThread: Thread started: Student Login 2-38 
2015/05/02 12:21:53 INFO  - jmeter.threads.JMeterThread: Thread started: Student Login 2-39 
2015/05/02 12:21:54 INFO  - jmeter.threads.JMeterThread: Thread started: Student Login 2-40 
2015/05/02 12:21:54 INFO  - jmeter.threads.JMeterThread: Thread started: Student Login 2-41 
2015/05/02 12:21:54 INFO  - jmeter.threads.JMeterThread: Thread started: Student Login 2-42 
2015/05/02 12:21:54 INFO  - jmeter.threads.JMeterThread: Thread started: Student Login 2-43 
2015/05/02 12:21:54 INFO  - jmeter.threads.JMeterThread: Thread started: Student Login 2-44 
2015/05/02 12:21:55 INFO  - jmeter.threads.JMeterThread: Thread finished: Student Login 2-3 
2015/05/02 12:21:55 INFO  - jmeter.threads.JMeterThread: Thread started: Student Login 2-45 
2015/05/02 12:21:55 INFO  - jmeter.threads.JMeterThread: Thread started: Student Login 2-46 
2015/05/02 12:21:55 INFO  - jmeter.threads.JMeterThread: Thread started: Student Login 2-47 
2015/05/02 12:21:55 INFO  - jmeter.threads.JMeterThread: Thread started: Student Login 2-48 
2015/05/02 12:21:55 INFO  - jmeter.threads.JMeterThread: Thread started: Student Login 2-49 
2015/05/02 12:21:56 INFO  - jmeter.threads.JMeterThread: Thread started: Student Login 2-50 
2015/05/02 12:21:56 INFO  - jmeter.threads.JMeterThread: Thread started: Student Login 2-51 
2015/05/02 12:21:56 INFO  - jmeter.threads.JMeterThread: Thread started: Student Login 2-52 
2015/05/02 12:21:56 INFO  - jmeter.threads.JMeterThread: Thread started: Student Login 2-53 
2015/05/02 12:21:56 INFO  - jmeter.threads.JMeterThread: Thread started: Student Login 2-54 
2015/05/02 12:21:57 INFO  - jmeter.threads.JMeterThread: Thread started: Student Login 2-55 
2015/05/02 12:21:57 INFO  - jmeter.threads.JMeterThread: Thread started: Student Login 2-56 
2015/05/02 12:21:57 INFO  - jmeter.threads.JMeterThread: Thread started: Student Login 2-57 
2015/05/02 12:21:57 INFO  - jmeter.threads.JMeterThread: Thread started: Student Login 2-58 
2015/05/02 12:21:57 INFO  - jmeter.threads.JMeterThread: Thread started: Student Login 2-59 
2015/05/02 12:21:58 INFO  - jmeter.threads.JMeterThread: Thread started: Student Login 2-60 
2015/05/02 12:21:58 INFO  - jmeter.threads.JMeterThread: Thread started: Student Login 2-61 
2015/05/02 12:21:58 INFO  - jmeter.threads.JMeterThread: Thread started: Student Login 2-62 
2015/05/02 12:21:58 INFO  - jmeter.threads.JMeterThread: Thread started: Student Login 2-63 
2015/05/02 12:21:58 INFO  - jmeter.threads.JMeterThread: Thread started: Student Login 2-64 
2015/05/02 12:21:59 INFO  - jmeter.threads.JMeterThread: Thread started: Student Login 2-65 
2015/05/02 12:21:59 INFO  - jmeter.threads.JMeterThread: Thread started: Student Login 2-66 
2015/05/02 12:21:59 INFO  - jmeter.threads.JMeterThread: Thread started: Student Login 2-67 
2015/05/02 12:21:59 INFO  - jmeter.threads.JMeterThread: Thread started: Student Login 2-68 
2015/05/02 12:21:59 INFO  - jmeter.threads.JMeterThread: Thread started: Student Login 2-69 
2015/05/02 12:22:00 INFO  - jmeter.threads.JMeterThread: Thread started: Student Login 2-70 
2015/05/02 12:22:00 INFO  - jmeter.threads.JMeterThread: Thread started: Student Login 2-71 
2015/05/02 12:22:00 INFO  - jmeter.threads.JMeterThread: Thread started: Student Login 2-72 
2015/05/02 12:22:00 INFO  - jmeter.threads.JMeterThread: Thread started: Student Login 2-73 
2015/05/02 12:22:00 INFO  - jmeter.threads.JMeterThread: Thread started: Student Login 2-74 
2015/05/02 12:22:01 INFO  - jmeter.threads.JMeterThread: Thread started: Student Login 2-75 
2015/05/02 12:22:01 INFO  - jmeter.threads.JMeterThread: Thread started: Student Login 2-76 
2015/05/02 12:22:01 INFO  - jmeter.threads.JMeterThread: Thread started: Student Login 2-77 
2015/05/02 12:22:01 INFO  - jmeter.threads.JMeterThread: Thread started: Student Login 2-78 
2015/05/02 12:22:01 INFO  - jmeter.threads.JMeterThread: Thread started: Student Login 2-79 
2015/05/02 12:22:02 INFO  - jmeter.threads.JMeterThread: Thread started: Student Login 2-80 
2015/05/02 12:22:02 INFO  - jmeter.threads.JMeterThread: Thread started: Student Login 2-81 
2015/05/02 12:22:02 INFO  - jmeter.threads.JMeterThread: Thread started: Student Login 2-82 
2015/05/02 12:22:02 INFO  - jmeter.threads.JMeterThread: Thread started: Student Login 2-83 
2015/05/02 12:22:02 INFO  - jmeter.threads.JMeterThread: Thread started: Student Login 2-84 
2015/05/02 12:22:03 INFO  - jmeter.threads.JMeterThread: Thread started: Student Login 2-85 
2015/05/02 12:22:03 INFO  - jmeter.threads.JMeterThread: Thread started: Student Login 2-86 
2015/05/02 12:22:03 INFO  - jmeter.threads.JMeterThread: Thread started: Student Login 2-87 
2015/05/02 12:22:03 INFO  - jmeter.threads.JMeterThread: Thread started: Student Login 2-88 
2015/05/02 12:22:03 INFO  - jmeter.threads.JMeterThread: Thread started: Student Login 2-89 
2015/05/02 12:22:04 INFO  - jmeter.threads.JMeterThread: Thread started: Student Login 2-90 
2015/05/02 12:22:04 INFO  - jmeter.threads.JMeterThread: Thread started: Student Login 2-91 
2015/05/02 12:22:04 INFO  - jmeter.threads.JMeterThread: Thread started: Student Login 2-92 
2015/05/02 12:22:04 INFO  - jmeter.threads.JMeterThread: Thread started: Student Login 2-93 
2015/05/02 12:22:04 INFO  - jmeter.threads.JMeterThread: Thread started: Student Login 2-94 
2015/05/02 12:22:05 INFO  - jmeter.threads.JMeterThread: Thread started: Student Login 2-95 
2015/05/02 12:22:05 INFO  - jmeter.threads.JMeterThread: Thread started: Student Login 2-96 
2015/05/02 12:22:05 INFO  - jmeter.threads.JMeterThread: Thread started: Student Login 2-97 
2015/05/02 12:22:05 INFO  - jmeter.threads.JMeterThread: Thread started: Student Login 2-98 
2015/05/02 12:22:05 INFO  - jmeter.threads.JMeterThread: Thread started: Student Login 2-99 
2015/05/02 12:22:06 INFO  - jmeter.threads.JMeterThread: Thread started: Student Login 2-100 
